<?xml version="1.0" encoding="UTF-8"?>
<testng-results ignored="0" total="1" passed="1" failed="0" skipped="0">
  <reporter-output>
  </reporter-output>
  <suite started-at="2021-08-16T16:03:02Z" name="Suite" finished-at="2021-08-16T16:03:32Z" duration-ms="30190">
    <groups>
    </groups>
    <test started-at="2021-08-16T16:03:02Z" name="LoginPageTests" finished-at="2021-08-16T16:03:32Z" duration-ms="30190">
      <class name="com.qa.hs.tests.LoginTest">
        <test-method signature="loginTest()[pri:0, instance:com.qa.hs.tests.LoginTest@28d18df5]" started-at="2021-08-16T16:03:02Z" name="loginTest" finished-at="2021-08-16T16:03:32Z" duration-ms="30158" status="PASS">
          <reporter-output>
          </reporter-output>
        </test-method> <!-- loginTest -->
      </class> <!-- com.qa.hs.tests.LoginTest -->
    </test> <!-- LoginPageTests -->
  </suite> <!-- Suite -->
</testng-results>
